<?xml version="1.0" encoding="UTF-8"?>
<!-- Generated by org.testng.reporters.JUnitReportReporter -->
<testsuite hostname="DESKTOP-TOPG9LE" failures="0" tests="1" name="Saboyano.est.ScrollDemo" time="38.173" errors="0" timestamp="2024-01-08T19:01:17 GMT" skipped="0">
  <testcase classname="Saboyano.est.ScrollDemo" name="ScrollDemoTest" time="38.173"/>
  <system-out/>
</testsuite> <!-- Saboyano.est.ScrollDemo -->
