<?xml version="1.0" encoding="UTF-8"?>
<!-- Generated by org.testng.reporters.JUnitReportReporter -->
<testsuite hostname="DESKTOP-TOPG9LE" failures="0" tests="1" name="Saboyano.est.MobileBrowserTest" time="4.851" errors="0" timestamp="2024-02-06T12:30:55 GMT" skipped="0">
  <testcase classname="Saboyano.est.MobileBrowserTest" name="BrowserTest" time="4.851"/>
  <system-out/>
</testsuite> <!-- Saboyano.est.MobileBrowserTest -->
