<?xml version="1.0" encoding="UTF-8"?>
<!-- Generated by org.testng.reporters.JUnitReportReporter -->
<testsuite hostname="DESKTOP-TOPG9LE" failures="0" tests="1" name="Saboyano.est.eCommerceTestCase1" time="13.081" errors="0" timestamp="2024-01-24T19:26:33 GMT" skipped="0">
  <testcase classname="Saboyano.est.eCommerceTestCase1" name="FillForm" time="13.081"/>
  <system-out/>
</testsuite> <!-- Saboyano.est.eCommerceTestCase1 -->
